<html xmlns:math="http://exslt.org/math" xmlns:testng="http://testng.org">
   <head>
      <title>TestNG Results</title>
      <meta http-equiv="content-type" content="text/html; charset=utf-8"></meta>
      <meta http-equiv="pragma" content="no-cache"></meta>
      <meta http-equiv="cache-control" content="max-age=0"></meta>
      <meta http-equiv="cache-control" content="no-cache"></meta>
      <meta http-equiv="cache-control" content="no-store"></meta>
      <LINK rel="stylesheet" href="style.css"></LINK>
      <script type="text/javascript" src="main.js"></script>
   </head>
   <body>
      <table width="100%" style="font-size: 16px; margin-bottom: 10px;" cellspacing="1">
         <tr>
            <td width="100%">
               Test case
               
               <b>Test</b>
            </td>
            <td style="background-color: #FFBBBB; padding: 3px 3px 3px 0;" align="center">
               <div style="width: 50px;">2</div>
            </td>
            <td style="background-color: lightgreen; padding: 3px 3px 3px 0;" align="center">
               <div style="width: 50px;">2</div>
            </td>
            <td style="background-color: #FFFFBB; padding: 3px 3px 3px 0;" align="center">
               <div style="width: 50px;">0</div>
            </td>
            <td align="center" style="background-color: #eaf0f7; padding: 3px 3px 3px 0;">
               <div style="width: 50px;">4</div>
            </td>
            <td align="center"
                style="font-weight: bold; background-color: #eaf0f7; padding: 3px 3px 3px 0;">
               <div style="width: 50px;">50%</div>
            </td>
            <td style="background-color: #eaf0f7; padding: 3px 3px 3px 0;" align="center"
                nowrap="true">3m
               18s
               
            </td>
         </tr>
      </table>
      <div style="width: 200px;">
         <label for="groupMethodsCheckBox" style="font-weight: bold; margin: 0;">
            <input id="groupMethodsCheckBox" type="checkbox" onclick="switchTestMethodsView(this)"
                   checked=""></input>
            Group by class
            
         </label>
         <br></br>
         <label for="methodsFilter_ALL" style="font-weight: bold; margin: 0;">
            <input id="methodsFilter_ALL" type="checkbox"
                   onclick="testMethodsFilterChanged(this, 'ALL')"
                   checked=""></input>
            All
            
         </label>
      </div>
      <label for="methodsFilter_FAIL" style="margin-left: 20px;">
         <input id="methodsFilter_FAIL" type="checkbox"
                onclick="testMethodsFilterChanged(this, 'FAIL')"
                checked=""></input>
         Failed
         
      </label>
      <label for="methodsFilter_PASS">
         <input id="methodsFilter_PASS" type="checkbox"
                onclick="testMethodsFilterChanged(this, 'PASS')"
                checked=""></input>
         Passed
         
      </label>
      <label for="methodsFilter_SKIP">
         <input id="methodsFilter_SKIP" type="checkbox"
                onclick="testMethodsFilterChanged(this, 'SKIP')"
                checked=""></input>
         Skipped
         
      </label>
      <label for="methodsFilter_CONF">
         <input id="methodsFilter_CONF" type="checkbox"
                onclick="testMethodsFilterChanged(this, 'CONF')"
                checked=""></input>
         Config
         
      </label>
      <br></br>
      <div id="testMethodsByStatus" style="display: none;">
         <table class="testMethodsTable" cellpadding="0" cellspacing="0">
            <tr class="methodsTableHeader">
               <td width="100%">Name</td>
               <td nowrap="true">Started</td>
               <td nowrap="true">Duration</td>
               <td>Exception</td>
            </tr>
            <tr id="scripts.ValidLoginLogout_LoginTest_byStatus_failed_FAIL1_row"
                class="testMethodStatusFAIL">
               <td width="100%" class="firstMethodCell">
                  <a onclick="toggleDetailsVisibility('scripts.ValidLoginLogout_LoginTest_byStatus_failed_FAIL1_details')">LoginTest()</a>
               </td>
               <td nowrap="true">15:52:04</td>
               <td nowrap="true" align="right">46s
                  
               </td>
               <td nowrap="true">
                  <a onclick="toggleDetailsVisibility('scripts.ValidLoginLogout_LoginTest_byStatus_failed_FAIL1_exception')">java.lang.AssertionError: 
                     The following asserts failed:
                     null
                     
                  </a>
                   
                  
               </td>
            </tr>
            <tr>
               <td colspan="4" class="detailsBox">
                  <div id="scripts.ValidLoginLogout_LoginTest_byStatus_failed_FAIL1_details"
                       class="testMethodDetails">
                     <div>
                        <b>Name: </b>LoginTest
                     </div>
                     <div>
                        <b>Signature: </b>LoginTest()[pri:0, instance:scripts.ValidLoginLogout@73ad2d6]
                     </div>
                     <div>
                        <b>Start time: </b>15:52:04
                     </div>
                     <div>
                        <b>End time: </b>15:52:51
                     </div>
                     <div>
                        <b>Duration: </b>46s
                        
                     </div>
                  </div>
               </td>
            </tr>
            <tr>
               <td colspan="4" class="detailsBox">
                  <div id="scripts.ValidLoginLogout_LoginTest_byStatus_failed_FAIL1_exception"
                       class="testMethodDetails">
                     <pre style="padding: 5px; margin: 0;">java.lang.AssertionError: The following asserts failed:
                        null
                        at org.testng.asserts.SoftAssert.assertAll(SoftAssert.java:43)
                        at generic.Base_Page.elementIsPresent(Base_Page.java:48)
                        at pom.LoginPage.verifyLoginpage(LoginPage.java:235)
                        at scripts.ValidLoginLogout.LoginTest(ValidLoginLogout.java:32)
                        at sun.reflect.NativeMethodAccessorImpl.invoke0(Native Method)
                        at sun.reflect.NativeMethodAccessorImpl.invoke(Unknown Source)
                        at sun.reflect.DelegatingMethodAccessorImpl.invoke(Unknown Source)
                        at java.lang.reflect.Method.invoke(Unknown Source)
                        at org.testng.internal.MethodInvocationHelper.invokeMethod(MethodInvocationHelper.java:124)
                        at org.testng.internal.Invoker.invokeMethod(Invoker.java:580)
                        at org.testng.internal.Invoker.invokeTestMethod(Invoker.java:716)
                        at org.testng.internal.Invoker.invokeTestMethods(Invoker.java:988)
                        at org.testng.internal.TestMethodWorker.invokeTestMethods(TestMethodWorker.java:125)
                        at org.testng.internal.TestMethodWorker.run(TestMethodWorker.java:109)
                        at org.testng.TestRunner.privateRun(TestRunner.java:648)
                        at org.testng.TestRunner.run(TestRunner.java:505)
                        at org.testng.SuiteRunner.runTest(SuiteRunner.java:455)
                        at org.testng.SuiteRunner.runSequentially(SuiteRunner.java:450)
                        at org.testng.SuiteRunner.privateRun(SuiteRunner.java:415)
                        at org.testng.SuiteRunner.run(SuiteRunner.java:364)
                        at org.testng.SuiteRunnerWorker.runSuite(SuiteRunnerWorker.java:52)
                        at org.testng.SuiteRunnerWorker.run(SuiteRunnerWorker.java:84)
                        at org.testng.TestNG.runSuitesSequentially(TestNG.java:1208)
                        at org.testng.TestNG.runSuitesLocally(TestNG.java:1137)
                        at org.testng.TestNG.runSuites(TestNG.java:1049)
                        at org.testng.TestNG.run(TestNG.java:1017)
                        at org.testng.remote.AbstractRemoteTestNG.run(AbstractRemoteTestNG.java:114)
                        at org.testng.remote.RemoteTestNG.initAndRun(RemoteTestNG.java:251)
                        at org.testng.remote.RemoteTestNG.main(RemoteTestNG.java:77)
                     </pre>
                  </div>
               </td>
            </tr>
            <tr id="scripts.SignUPpopup_SignUp_byStatus_failed_FAIL2_row"
                class="testMethodStatusFAIL">
               <td width="100%" class="firstMethodCell">
                  <a onclick="toggleDetailsVisibility('scripts.SignUPpopup_SignUp_byStatus_failed_FAIL2_details')">SignUp()</a>
               </td>
               <td nowrap="true">15:53:08</td>
               <td nowrap="true" align="right">3s
                  
               </td>
               <td nowrap="true">
                  <a onclick="toggleDetailsVisibility('scripts.SignUPpopup_SignUp_byStatus_failed_FAIL2_exception')">java.lang.AssertionError: 
                     The following asserts failed:
                     null
                     
                  </a>
                   
                  
               </td>
            </tr>
            <tr>
               <td colspan="4" class="detailsBox">
                  <div id="scripts.SignUPpopup_SignUp_byStatus_failed_FAIL2_details"
                       class="testMethodDetails">
                     <div>
                        <b>Name: </b>SignUp
                     </div>
                     <div>
                        <b>Signature: </b>SignUp()[pri:0, instance:scripts.SignUPpopup@3fee9989]
                     </div>
                     <div>
                        <b>Start time: </b>15:53:08
                     </div>
                     <div>
                        <b>End time: </b>15:53:12
                     </div>
                     <div>
                        <b>Duration: </b>3s
                        
                     </div>
                  </div>
               </td>
            </tr>
            <tr>
               <td colspan="4" class="detailsBox">
                  <div id="scripts.SignUPpopup_SignUp_byStatus_failed_FAIL2_exception"
                       class="testMethodDetails">
                     <pre style="padding: 5px; margin: 0;">java.lang.AssertionError: The following asserts failed:
                        null
                        at org.testng.asserts.SoftAssert.assertAll(SoftAssert.java:43)
                        at generic.Base_Page.SuccesSignupPopMsg(Base_Page.java:106)
                        at scripts.SignUPpopup.SignUp(SignUPpopup.java:28)
                        at sun.reflect.NativeMethodAccessorImpl.invoke0(Native Method)
                        at sun.reflect.NativeMethodAccessorImpl.invoke(Unknown Source)
                        at sun.reflect.DelegatingMethodAccessorImpl.invoke(Unknown Source)
                        at java.lang.reflect.Method.invoke(Unknown Source)
                        at org.testng.internal.MethodInvocationHelper.invokeMethod(MethodInvocationHelper.java:124)
                        at org.testng.internal.Invoker.invokeMethod(Invoker.java:580)
                        at org.testng.internal.Invoker.invokeTestMethod(Invoker.java:716)
                        at org.testng.internal.Invoker.invokeTestMethods(Invoker.java:988)
                        at org.testng.internal.TestMethodWorker.invokeTestMethods(TestMethodWorker.java:125)
                        at org.testng.internal.TestMethodWorker.run(TestMethodWorker.java:109)
                        at org.testng.TestRunner.privateRun(TestRunner.java:648)
                        at org.testng.TestRunner.run(TestRunner.java:505)
                        at org.testng.SuiteRunner.runTest(SuiteRunner.java:455)
                        at org.testng.SuiteRunner.runSequentially(SuiteRunner.java:450)
                        at org.testng.SuiteRunner.privateRun(SuiteRunner.java:415)
                        at org.testng.SuiteRunner.run(SuiteRunner.java:364)
                        at org.testng.SuiteRunnerWorker.runSuite(SuiteRunnerWorker.java:52)
                        at org.testng.SuiteRunnerWorker.run(SuiteRunnerWorker.java:84)
                        at org.testng.TestNG.runSuitesSequentially(TestNG.java:1208)
                        at org.testng.TestNG.runSuitesLocally(TestNG.java:1137)
                        at org.testng.TestNG.runSuites(TestNG.java:1049)
                        at org.testng.TestNG.run(TestNG.java:1017)
                        at org.testng.remote.AbstractRemoteTestNG.run(AbstractRemoteTestNG.java:114)
                        at org.testng.remote.RemoteTestNG.initAndRun(RemoteTestNG.java:251)
                        at org.testng.remote.RemoteTestNG.main(RemoteTestNG.java:77)
                     </pre>
                  </div>
               </td>
            </tr>
            <tr id="scripts.ValidLoginLogout_openApplication_byStatus_passed_PASS1_row"
                class="testMethodStatusPASS testMethodStatusCONF">
               <td width="100%" class="firstMethodCell">
                  <a onclick="toggleDetailsVisibility('scripts.ValidLoginLogout_openApplication_byStatus_passed_PASS1_details')">openApplication()</a>
               </td>
               <td nowrap="true">15:51:07</td>
               <td nowrap="true" align="right">56s
                  
               </td>
               <td nowrap="true">
                   
                  
               </td>
            </tr>
            <tr>
               <td colspan="4" class="detailsBox">
                  <div id="scripts.ValidLoginLogout_openApplication_byStatus_passed_PASS1_details"
                       class="testMethodDetails">
                     <div>
                        <b>Name: </b>openApplication
                     </div>
                     <div>
                        <b>Signature: </b>openApplication()[pri:0, instance:scripts.ValidLoginLogout@73ad2d6]
                     </div>
                     <div>
                        <b>Start time: </b>15:51:07
                     </div>
                     <div>
                        <b>End time: </b>15:52:04
                     </div>
                     <div>
                        <b>Duration: </b>56s
                        
                     </div>
                  </div>
               </td>
            </tr>
            <tr></tr>
            <tr id="scripts.ValidLoginLogout_closeApp_byStatus_passed_PASS2_row"
                class="testMethodStatusPASS testMethodStatusCONF">
               <td width="100%" class="firstMethodCell">
                  <a onclick="toggleDetailsVisibility('scripts.ValidLoginLogout_closeApp_byStatus_passed_PASS2_details')">closeApp()</a>
               </td>
               <td nowrap="true">15:52:51</td>
               <td nowrap="true" align="right">368 ms
                  
               </td>
               <td nowrap="true">
                   
                  
               </td>
            </tr>
            <tr>
               <td colspan="4" class="detailsBox">
                  <div id="scripts.ValidLoginLogout_closeApp_byStatus_passed_PASS2_details"
                       class="testMethodDetails">
                     <div>
                        <b>Name: </b>closeApp
                     </div>
                     <div>
                        <b>Signature: </b>closeApp()[pri:0, instance:scripts.ValidLoginLogout@73ad2d6]
                     </div>
                     <div>
                        <b>Start time: </b>15:52:51
                     </div>
                     <div>
                        <b>End time: </b>15:52:51
                     </div>
                     <div>
                        <b>Duration: </b>368 ms
                        
                     </div>
                  </div>
               </td>
            </tr>
            <tr></tr>
            <tr id="scripts.ForgotPasswordTest_openApplication_byStatus_passed_PASS3_row"
                class="testMethodStatusPASS testMethodStatusCONF">
               <td width="100%" class="firstMethodCell">
                  <a onclick="toggleDetailsVisibility('scripts.ForgotPasswordTest_openApplication_byStatus_passed_PASS3_details')">openApplication()</a>
               </td>
               <td nowrap="true">15:53:13</td>
               <td nowrap="true" align="right">23s
                  
               </td>
               <td nowrap="true">
                   
                  
               </td>
            </tr>
            <tr>
               <td colspan="4" class="detailsBox">
                  <div id="scripts.ForgotPasswordTest_openApplication_byStatus_passed_PASS3_details"
                       class="testMethodDetails">
                     <div>
                        <b>Name: </b>openApplication
                     </div>
                     <div>
                        <b>Signature: </b>openApplication()[pri:0, instance:scripts.ForgotPasswordTest@7085bdee]
                     </div>
                     <div>
                        <b>Start time: </b>15:53:13
                     </div>
                     <div>
                        <b>End time: </b>15:53:36
                     </div>
                     <div>
                        <b>Duration: </b>23s
                        
                     </div>
                  </div>
               </td>
            </tr>
            <tr></tr>
            <tr id="scripts.ForgotPasswordTest_ForgotPassword_byStatus_passed_PASS4_row"
                class="testMethodStatusPASS">
               <td width="100%" class="firstMethodCell">
                  <a onclick="toggleDetailsVisibility('scripts.ForgotPasswordTest_ForgotPassword_byStatus_passed_PASS4_details')">ForgotPassword()</a>
               </td>
               <td nowrap="true">15:53:36</td>
               <td nowrap="true" align="right">3s
                  
               </td>
               <td nowrap="true">
                   
                  
               </td>
            </tr>
            <tr>
               <td colspan="4" class="detailsBox">
                  <div id="scripts.ForgotPasswordTest_ForgotPassword_byStatus_passed_PASS4_details"
                       class="testMethodDetails">
                     <div>
                        <b>Name: </b>ForgotPassword
                     </div>
                     <div>
                        <b>Signature: </b>ForgotPassword()[pri:0, instance:scripts.ForgotPasswordTest@7085bdee]
                     </div>
                     <div>
                        <b>Start time: </b>15:53:36
                     </div>
                     <div>
                        <b>End time: </b>15:53:39
                     </div>
                     <div>
                        <b>Duration: </b>3s
                        
                     </div>
                  </div>
               </td>
            </tr>
            <tr></tr>
            <tr id="scripts.ForgotPasswordTest_closeApp_byStatus_passed_PASS5_row"
                class="testMethodStatusPASS testMethodStatusCONF">
               <td width="100%" class="firstMethodCell">
                  <a onclick="toggleDetailsVisibility('scripts.ForgotPasswordTest_closeApp_byStatus_passed_PASS5_details')">closeApp()</a>
               </td>
               <td nowrap="true">15:53:39</td>
               <td nowrap="true" align="right">363 ms
                  
               </td>
               <td nowrap="true">
                   
                  
               </td>
            </tr>
            <tr>
               <td colspan="4" class="detailsBox">
                  <div id="scripts.ForgotPasswordTest_closeApp_byStatus_passed_PASS5_details"
                       class="testMethodDetails">
                     <div>
                        <b>Name: </b>closeApp
                     </div>
                     <div>
                        <b>Signature: </b>closeApp()[pri:0, instance:scripts.ForgotPasswordTest@7085bdee]
                     </div>
                     <div>
                        <b>Start time: </b>15:53:39
                     </div>
                     <div>
                        <b>End time: </b>15:53:40
                     </div>
                     <div>
                        <b>Duration: </b>363 ms
                        
                     </div>
                  </div>
               </td>
            </tr>
            <tr></tr>
            <tr id="scripts.InvalidEmailPopUpmessage_openApplication_byStatus_passed_PASS6_row"
                class="testMethodStatusPASS testMethodStatusCONF">
               <td width="100%" class="firstMethodCell">
                  <a onclick="toggleDetailsVisibility('scripts.InvalidEmailPopUpmessage_openApplication_byStatus_passed_PASS6_details')">openApplication()</a>
               </td>
               <td nowrap="true">15:50:22</td>
               <td nowrap="true" align="right">40s
                  
               </td>
               <td nowrap="true">
                   
                  
               </td>
            </tr>
            <tr>
               <td colspan="4" class="detailsBox">
                  <div id="scripts.InvalidEmailPopUpmessage_openApplication_byStatus_passed_PASS6_details"
                       class="testMethodDetails">
                     <div>
                        <b>Name: </b>openApplication
                     </div>
                     <div>
                        <b>Signature: </b>openApplication()[pri:0, instance:scripts.InvalidEmailPopUpmessage@2f686d1f]
                     </div>
                     <div>
                        <b>Start time: </b>15:50:22
                     </div>
                     <div>
                        <b>End time: </b>15:51:03
                     </div>
                     <div>
                        <b>Duration: </b>40s
                        
                     </div>
                  </div>
               </td>
            </tr>
            <tr></tr>
            <tr id="scripts.InvalidEmailPopUpmessage_InvalidEmailPopUptest_byStatus_passed_PASS7_row"
                class="testMethodStatusPASS">
               <td width="100%" class="firstMethodCell">
                  <a onclick="toggleDetailsVisibility('scripts.InvalidEmailPopUpmessage_InvalidEmailPopUptest_byStatus_passed_PASS7_details')">InvalidEmailPopUptest()</a>
               </td>
               <td nowrap="true">15:51:03</td>
               <td nowrap="true" align="right">4s
                  
               </td>
               <td nowrap="true">
                   
                  
               </td>
            </tr>
            <tr>
               <td colspan="4" class="detailsBox">
                  <div id="scripts.InvalidEmailPopUpmessage_InvalidEmailPopUptest_byStatus_passed_PASS7_details"
                       class="testMethodDetails">
                     <div>
                        <b>Name: </b>InvalidEmailPopUptest
                     </div>
                     <div>
                        <b>Signature: </b>InvalidEmailPopUptest()[pri:0, instance:scripts.InvalidEmailPopUpmessage@2f686d1f]
                     </div>
                     <div>
                        <b>Start time: </b>15:51:03
                     </div>
                     <div>
                        <b>End time: </b>15:51:07
                     </div>
                     <div>
                        <b>Duration: </b>4s
                        
                     </div>
                  </div>
               </td>
            </tr>
            <tr></tr>
            <tr id="scripts.InvalidEmailPopUpmessage_closeApp_byStatus_passed_PASS8_row"
                class="testMethodStatusPASS testMethodStatusCONF">
               <td width="100%" class="firstMethodCell">
                  <a onclick="toggleDetailsVisibility('scripts.InvalidEmailPopUpmessage_closeApp_byStatus_passed_PASS8_details')">closeApp()</a>
               </td>
               <td nowrap="true">15:51:07</td>
               <td nowrap="true" align="right">341 ms
                  
               </td>
               <td nowrap="true">
                   
                  
               </td>
            </tr>
            <tr>
               <td colspan="4" class="detailsBox">
                  <div id="scripts.InvalidEmailPopUpmessage_closeApp_byStatus_passed_PASS8_details"
                       class="testMethodDetails">
                     <div>
                        <b>Name: </b>closeApp
                     </div>
                     <div>
                        <b>Signature: </b>closeApp()[pri:0, instance:scripts.InvalidEmailPopUpmessage@2f686d1f]
                     </div>
                     <div>
                        <b>Start time: </b>15:51:07
                     </div>
                     <div>
                        <b>End time: </b>15:51:07
                     </div>
                     <div>
                        <b>Duration: </b>341 ms
                        
                     </div>
                  </div>
               </td>
            </tr>
            <tr></tr>
            <tr id="scripts.SignUPpopup_openApplication_byStatus_passed_PASS9_row"
                class="testMethodStatusPASS testMethodStatusCONF">
               <td width="100%" class="firstMethodCell">
                  <a onclick="toggleDetailsVisibility('scripts.SignUPpopup_openApplication_byStatus_passed_PASS9_details')">openApplication()</a>
               </td>
               <td nowrap="true">15:52:51</td>
               <td nowrap="true" align="right">17s
                  
               </td>
               <td nowrap="true">
                   
                  
               </td>
            </tr>
            <tr>
               <td colspan="4" class="detailsBox">
                  <div id="scripts.SignUPpopup_openApplication_byStatus_passed_PASS9_details"
                       class="testMethodDetails">
                     <div>
                        <b>Name: </b>openApplication
                     </div>
                     <div>
                        <b>Signature: </b>openApplication()[pri:0, instance:scripts.SignUPpopup@3fee9989]
                     </div>
                     <div>
                        <b>Start time: </b>15:52:51
                     </div>
                     <div>
                        <b>End time: </b>15:53:08
                     </div>
                     <div>
                        <b>Duration: </b>17s
                        
                     </div>
                  </div>
               </td>
            </tr>
            <tr></tr>
            <tr id="scripts.SignUPpopup_closeApp_byStatus_passed_PASS10_row"
                class="testMethodStatusPASS testMethodStatusCONF">
               <td width="100%" class="firstMethodCell">
                  <a onclick="toggleDetailsVisibility('scripts.SignUPpopup_closeApp_byStatus_passed_PASS10_details')">closeApp()</a>
               </td>
               <td nowrap="true">15:53:12</td>
               <td nowrap="true" align="right">350 ms
                  
               </td>
               <td nowrap="true">
                   
                  
               </td>
            </tr>
            <tr>
               <td colspan="4" class="detailsBox">
                  <div id="scripts.SignUPpopup_closeApp_byStatus_passed_PASS10_details"
                       class="testMethodDetails">
                     <div>
                        <b>Name: </b>closeApp
                     </div>
                     <div>
                        <b>Signature: </b>closeApp()[pri:0, instance:scripts.SignUPpopup@3fee9989]
                     </div>
                     <div>
                        <b>Start time: </b>15:53:12
                     </div>
                     <div>
                        <b>End time: </b>15:53:13
                     </div>
                     <div>
                        <b>Duration: </b>350 ms
                        
                     </div>
                  </div>
               </td>
            </tr>
            <tr></tr>
         </table>
      </div>
      <div id="testMethodsByClass">
         <table class="testMethodsTable" cellpadding="0" cellspacing="0">
            <tr>
               <td colspan="4">
                  <h3 style="display: inline;">scripts.ForgotPasswordTest</h3>
               </td>
            </tr>
            <tr class="methodsTableHeader">
               <td width="100%">Name</td>
               <td nowrap="true">Started</td>
               <td nowrap="true">Duration</td>
               <td>Exception</td>
            </tr>
            <tr id="scripts.ForgotPasswordTest_openApplication_byClass_PASS1_row"
                class="testMethodStatusPASS testMethodStatusCONF">
               <td width="100%" class="firstMethodCell">
                  <a onclick="toggleDetailsVisibility('scripts.ForgotPasswordTest_openApplication_byClass_PASS1_details')">openApplication()</a>
               </td>
               <td nowrap="true">15:53:13</td>
               <td nowrap="true" align="right">23s
                  
               </td>
               <td nowrap="true">
                   
                  
               </td>
            </tr>
            <tr>
               <td colspan="4" class="detailsBox">
                  <div id="scripts.ForgotPasswordTest_openApplication_byClass_PASS1_details"
                       class="testMethodDetails">
                     <div>
                        <b>Name: </b>openApplication
                     </div>
                     <div>
                        <b>Signature: </b>openApplication()[pri:0, instance:scripts.ForgotPasswordTest@7085bdee]
                     </div>
                     <div>
                        <b>Start time: </b>15:53:13
                     </div>
                     <div>
                        <b>End time: </b>15:53:36
                     </div>
                     <div>
                        <b>Duration: </b>23s
                        
                     </div>
                  </div>
               </td>
            </tr>
            <tr></tr>
            <tr id="scripts.ForgotPasswordTest_ForgotPassword_byClass_PASS2_row"
                class="testMethodStatusPASS">
               <td width="100%" class="firstMethodCell">
                  <a onclick="toggleDetailsVisibility('scripts.ForgotPasswordTest_ForgotPassword_byClass_PASS2_details')">ForgotPassword()</a>
               </td>
               <td nowrap="true">15:53:36</td>
               <td nowrap="true" align="right">3s
                  
               </td>
               <td nowrap="true">
                   
                  
               </td>
            </tr>
            <tr>
               <td colspan="4" class="detailsBox">
                  <div id="scripts.ForgotPasswordTest_ForgotPassword_byClass_PASS2_details"
                       class="testMethodDetails">
                     <div>
                        <b>Name: </b>ForgotPassword
                     </div>
                     <div>
                        <b>Signature: </b>ForgotPassword()[pri:0, instance:scripts.ForgotPasswordTest@7085bdee]
                     </div>
                     <div>
                        <b>Start time: </b>15:53:36
                     </div>
                     <div>
                        <b>End time: </b>15:53:39
                     </div>
                     <div>
                        <b>Duration: </b>3s
                        
                     </div>
                  </div>
               </td>
            </tr>
            <tr></tr>
            <tr id="scripts.ForgotPasswordTest_closeApp_byClass_PASS3_row"
                class="testMethodStatusPASS testMethodStatusCONF">
               <td width="100%" class="firstMethodCell">
                  <a onclick="toggleDetailsVisibility('scripts.ForgotPasswordTest_closeApp_byClass_PASS3_details')">closeApp()</a>
               </td>
               <td nowrap="true">15:53:39</td>
               <td nowrap="true" align="right">363 ms
                  
               </td>
               <td nowrap="true">
                   
                  
               </td>
            </tr>
            <tr>
               <td colspan="4" class="detailsBox">
                  <div id="scripts.ForgotPasswordTest_closeApp_byClass_PASS3_details"
                       class="testMethodDetails">
                     <div>
                        <b>Name: </b>closeApp
                     </div>
                     <div>
                        <b>Signature: </b>closeApp()[pri:0, instance:scripts.ForgotPasswordTest@7085bdee]
                     </div>
                     <div>
                        <b>Start time: </b>15:53:39
                     </div>
                     <div>
                        <b>End time: </b>15:53:40
                     </div>
                     <div>
                        <b>Duration: </b>363 ms
                        
                     </div>
                  </div>
               </td>
            </tr>
            <tr></tr>
         </table>
         <br></br>
         <table class="testMethodsTable" cellpadding="0" cellspacing="0">
            <tr>
               <td colspan="4">
                  <h3 style="display: inline;">scripts.InvalidEmailPopUpmessage</h3>
               </td>
            </tr>
            <tr class="methodsTableHeader">
               <td width="100%">Name</td>
               <td nowrap="true">Started</td>
               <td nowrap="true">Duration</td>
               <td>Exception</td>
            </tr>
            <tr id="scripts.InvalidEmailPopUpmessage_openApplication_byClass_PASS1_row"
                class="testMethodStatusPASS testMethodStatusCONF">
               <td width="100%" class="firstMethodCell">
                  <a onclick="toggleDetailsVisibility('scripts.InvalidEmailPopUpmessage_openApplication_byClass_PASS1_details')">openApplication()</a>
               </td>
               <td nowrap="true">15:50:22</td>
               <td nowrap="true" align="right">40s
                  
               </td>
               <td nowrap="true">
                   
                  
               </td>
            </tr>
            <tr>
               <td colspan="4" class="detailsBox">
                  <div id="scripts.InvalidEmailPopUpmessage_openApplication_byClass_PASS1_details"
                       class="testMethodDetails">
                     <div>
                        <b>Name: </b>openApplication
                     </div>
                     <div>
                        <b>Signature: </b>openApplication()[pri:0, instance:scripts.InvalidEmailPopUpmessage@2f686d1f]
                     </div>
                     <div>
                        <b>Start time: </b>15:50:22
                     </div>
                     <div>
                        <b>End time: </b>15:51:03
                     </div>
                     <div>
                        <b>Duration: </b>40s
                        
                     </div>
                  </div>
               </td>
            </tr>
            <tr></tr>
            <tr id="scripts.InvalidEmailPopUpmessage_InvalidEmailPopUptest_byClass_PASS2_row"
                class="testMethodStatusPASS">
               <td width="100%" class="firstMethodCell">
                  <a onclick="toggleDetailsVisibility('scripts.InvalidEmailPopUpmessage_InvalidEmailPopUptest_byClass_PASS2_details')">InvalidEmailPopUptest()</a>
               </td>
               <td nowrap="true">15:51:03</td>
               <td nowrap="true" align="right">4s
                  
               </td>
               <td nowrap="true">
                   
                  
               </td>
            </tr>
            <tr>
               <td colspan="4" class="detailsBox">
                  <div id="scripts.InvalidEmailPopUpmessage_InvalidEmailPopUptest_byClass_PASS2_details"
                       class="testMethodDetails">
                     <div>
                        <b>Name: </b>InvalidEmailPopUptest
                     </div>
                     <div>
                        <b>Signature: </b>InvalidEmailPopUptest()[pri:0, instance:scripts.InvalidEmailPopUpmessage@2f686d1f]
                     </div>
                     <div>
                        <b>Start time: </b>15:51:03
                     </div>
                     <div>
                        <b>End time: </b>15:51:07
                     </div>
                     <div>
                        <b>Duration: </b>4s
                        
                     </div>
                  </div>
               </td>
            </tr>
            <tr></tr>
            <tr id="scripts.InvalidEmailPopUpmessage_closeApp_byClass_PASS3_row"
                class="testMethodStatusPASS testMethodStatusCONF">
               <td width="100%" class="firstMethodCell">
                  <a onclick="toggleDetailsVisibility('scripts.InvalidEmailPopUpmessage_closeApp_byClass_PASS3_details')">closeApp()</a>
               </td>
               <td nowrap="true">15:51:07</td>
               <td nowrap="true" align="right">341 ms
                  
               </td>
               <td nowrap="true">
                   
                  
               </td>
            </tr>
            <tr>
               <td colspan="4" class="detailsBox">
                  <div id="scripts.InvalidEmailPopUpmessage_closeApp_byClass_PASS3_details"
                       class="testMethodDetails">
                     <div>
                        <b>Name: </b>closeApp
                     </div>
                     <div>
                        <b>Signature: </b>closeApp()[pri:0, instance:scripts.InvalidEmailPopUpmessage@2f686d1f]
                     </div>
                     <div>
                        <b>Start time: </b>15:51:07
                     </div>
                     <div>
                        <b>End time: </b>15:51:07
                     </div>
                     <div>
                        <b>Duration: </b>341 ms
                        
                     </div>
                  </div>
               </td>
            </tr>
            <tr></tr>
         </table>
         <br></br>
         <table class="testMethodsTable" cellpadding="0" cellspacing="0">
            <tr>
               <td colspan="4">
                  <h3 style="display: inline;">scripts.SignUPpopup</h3>
               </td>
            </tr>
            <tr class="methodsTableHeader">
               <td width="100%">Name</td>
               <td nowrap="true">Started</td>
               <td nowrap="true">Duration</td>
               <td>Exception</td>
            </tr>
            <tr id="scripts.SignUPpopup_openApplication_byClass_PASS1_row"
                class="testMethodStatusPASS testMethodStatusCONF">
               <td width="100%" class="firstMethodCell">
                  <a onclick="toggleDetailsVisibility('scripts.SignUPpopup_openApplication_byClass_PASS1_details')">openApplication()</a>
               </td>
               <td nowrap="true">15:52:51</td>
               <td nowrap="true" align="right">17s
                  
               </td>
               <td nowrap="true">
                   
                  
               </td>
            </tr>
            <tr>
               <td colspan="4" class="detailsBox">
                  <div id="scripts.SignUPpopup_openApplication_byClass_PASS1_details"
                       class="testMethodDetails">
                     <div>
                        <b>Name: </b>openApplication
                     </div>
                     <div>
                        <b>Signature: </b>openApplication()[pri:0, instance:scripts.SignUPpopup@3fee9989]
                     </div>
                     <div>
                        <b>Start time: </b>15:52:51
                     </div>
                     <div>
                        <b>End time: </b>15:53:08
                     </div>
                     <div>
                        <b>Duration: </b>17s
                        
                     </div>
                  </div>
               </td>
            </tr>
            <tr></tr>
            <tr id="scripts.SignUPpopup_SignUp_byClass_FAIL2_row" class="testMethodStatusFAIL">
               <td width="100%" class="firstMethodCell">
                  <a onclick="toggleDetailsVisibility('scripts.SignUPpopup_SignUp_byClass_FAIL2_details')">SignUp()</a>
               </td>
               <td nowrap="true">15:53:08</td>
               <td nowrap="true" align="right">3s
                  
               </td>
               <td nowrap="true">
                  <a onclick="toggleDetailsVisibility('scripts.SignUPpopup_SignUp_byClass_FAIL2_exception')">java.lang.AssertionError: 
                     The following asserts failed:
                     null
                     
                  </a>
                   
                  
               </td>
            </tr>
            <tr>
               <td colspan="4" class="detailsBox">
                  <div id="scripts.SignUPpopup_SignUp_byClass_FAIL2_details" class="testMethodDetails">
                     <div>
                        <b>Name: </b>SignUp
                     </div>
                     <div>
                        <b>Signature: </b>SignUp()[pri:0, instance:scripts.SignUPpopup@3fee9989]
                     </div>
                     <div>
                        <b>Start time: </b>15:53:08
                     </div>
                     <div>
                        <b>End time: </b>15:53:12
                     </div>
                     <div>
                        <b>Duration: </b>3s
                        
                     </div>
                  </div>
               </td>
            </tr>
            <tr>
               <td colspan="4" class="detailsBox">
                  <div id="scripts.SignUPpopup_SignUp_byClass_FAIL2_exception"
                       class="testMethodDetails">
                     <pre style="padding: 5px; margin: 0;">java.lang.AssertionError: The following asserts failed:
                        null
                        at org.testng.asserts.SoftAssert.assertAll(SoftAssert.java:43)
                        at generic.Base_Page.SuccesSignupPopMsg(Base_Page.java:106)
                        at scripts.SignUPpopup.SignUp(SignUPpopup.java:28)
                        at sun.reflect.NativeMethodAccessorImpl.invoke0(Native Method)
                        at sun.reflect.NativeMethodAccessorImpl.invoke(Unknown Source)
                        at sun.reflect.DelegatingMethodAccessorImpl.invoke(Unknown Source)
                        at java.lang.reflect.Method.invoke(Unknown Source)
                        at org.testng.internal.MethodInvocationHelper.invokeMethod(MethodInvocationHelper.java:124)
                        at org.testng.internal.Invoker.invokeMethod(Invoker.java:580)
                        at org.testng.internal.Invoker.invokeTestMethod(Invoker.java:716)
                        at org.testng.internal.Invoker.invokeTestMethods(Invoker.java:988)
                        at org.testng.internal.TestMethodWorker.invokeTestMethods(TestMethodWorker.java:125)
                        at org.testng.internal.TestMethodWorker.run(TestMethodWorker.java:109)
                        at org.testng.TestRunner.privateRun(TestRunner.java:648)
                        at org.testng.TestRunner.run(TestRunner.java:505)
                        at org.testng.SuiteRunner.runTest(SuiteRunner.java:455)
                        at org.testng.SuiteRunner.runSequentially(SuiteRunner.java:450)
                        at org.testng.SuiteRunner.privateRun(SuiteRunner.java:415)
                        at org.testng.SuiteRunner.run(SuiteRunner.java:364)
                        at org.testng.SuiteRunnerWorker.runSuite(SuiteRunnerWorker.java:52)
                        at org.testng.SuiteRunnerWorker.run(SuiteRunnerWorker.java:84)
                        at org.testng.TestNG.runSuitesSequentially(TestNG.java:1208)
                        at org.testng.TestNG.runSuitesLocally(TestNG.java:1137)
                        at org.testng.TestNG.runSuites(TestNG.java:1049)
                        at org.testng.TestNG.run(TestNG.java:1017)
                        at org.testng.remote.AbstractRemoteTestNG.run(AbstractRemoteTestNG.java:114)
                        at org.testng.remote.RemoteTestNG.initAndRun(RemoteTestNG.java:251)
                        at org.testng.remote.RemoteTestNG.main(RemoteTestNG.java:77)
                     </pre>
                  </div>
               </td>
            </tr>
            <tr id="scripts.SignUPpopup_closeApp_byClass_PASS3_row"
                class="testMethodStatusPASS testMethodStatusCONF">
               <td width="100%" class="firstMethodCell">
                  <a onclick="toggleDetailsVisibility('scripts.SignUPpopup_closeApp_byClass_PASS3_details')">closeApp()</a>
               </td>
               <td nowrap="true">15:53:12</td>
               <td nowrap="true" align="right">350 ms
                  
               </td>
               <td nowrap="true">
                   
                  
               </td>
            </tr>
            <tr>
               <td colspan="4" class="detailsBox">
                  <div id="scripts.SignUPpopup_closeApp_byClass_PASS3_details"
                       class="testMethodDetails">
                     <div>
                        <b>Name: </b>closeApp
                     </div>
                     <div>
                        <b>Signature: </b>closeApp()[pri:0, instance:scripts.SignUPpopup@3fee9989]
                     </div>
                     <div>
                        <b>Start time: </b>15:53:12
                     </div>
                     <div>
                        <b>End time: </b>15:53:13
                     </div>
                     <div>
                        <b>Duration: </b>350 ms
                        
                     </div>
                  </div>
               </td>
            </tr>
            <tr></tr>
         </table>
         <br></br>
         <table class="testMethodsTable" cellpadding="0" cellspacing="0">
            <tr>
               <td colspan="4">
                  <h3 style="display: inline;">scripts.ValidLoginLogout</h3>
               </td>
            </tr>
            <tr class="methodsTableHeader">
               <td width="100%">Name</td>
               <td nowrap="true">Started</td>
               <td nowrap="true">Duration</td>
               <td>Exception</td>
            </tr>
            <tr id="scripts.ValidLoginLogout_openApplication_byClass_PASS1_row"
                class="testMethodStatusPASS testMethodStatusCONF">
               <td width="100%" class="firstMethodCell">
                  <a onclick="toggleDetailsVisibility('scripts.ValidLoginLogout_openApplication_byClass_PASS1_details')">openApplication()</a>
               </td>
               <td nowrap="true">15:51:07</td>
               <td nowrap="true" align="right">56s
                  
               </td>
               <td nowrap="true">
                   
                  
               </td>
            </tr>
            <tr>
               <td colspan="4" class="detailsBox">
                  <div id="scripts.ValidLoginLogout_openApplication_byClass_PASS1_details"
                       class="testMethodDetails">
                     <div>
                        <b>Name: </b>openApplication
                     </div>
                     <div>
                        <b>Signature: </b>openApplication()[pri:0, instance:scripts.ValidLoginLogout@73ad2d6]
                     </div>
                     <div>
                        <b>Start time: </b>15:51:07
                     </div>
                     <div>
                        <b>End time: </b>15:52:04
                     </div>
                     <div>
                        <b>Duration: </b>56s
                        
                     </div>
                  </div>
               </td>
            </tr>
            <tr></tr>
            <tr id="scripts.ValidLoginLogout_LoginTest_byClass_FAIL2_row"
                class="testMethodStatusFAIL">
               <td width="100%" class="firstMethodCell">
                  <a onclick="toggleDetailsVisibility('scripts.ValidLoginLogout_LoginTest_byClass_FAIL2_details')">LoginTest()</a>
               </td>
               <td nowrap="true">15:52:04</td>
               <td nowrap="true" align="right">46s
                  
               </td>
               <td nowrap="true">
                  <a onclick="toggleDetailsVisibility('scripts.ValidLoginLogout_LoginTest_byClass_FAIL2_exception')">java.lang.AssertionError: 
                     The following asserts failed:
                     null
                     
                  </a>
                   
                  
               </td>
            </tr>
            <tr>
               <td colspan="4" class="detailsBox">
                  <div id="scripts.ValidLoginLogout_LoginTest_byClass_FAIL2_details"
                       class="testMethodDetails">
                     <div>
                        <b>Name: </b>LoginTest
                     </div>
                     <div>
                        <b>Signature: </b>LoginTest()[pri:0, instance:scripts.ValidLoginLogout@73ad2d6]
                     </div>
                     <div>
                        <b>Start time: </b>15:52:04
                     </div>
                     <div>
                        <b>End time: </b>15:52:51
                     </div>
                     <div>
                        <b>Duration: </b>46s
                        
                     </div>
                  </div>
               </td>
            </tr>
            <tr>
               <td colspan="4" class="detailsBox">
                  <div id="scripts.ValidLoginLogout_LoginTest_byClass_FAIL2_exception"
                       class="testMethodDetails">
                     <pre style="padding: 5px; margin: 0;">java.lang.AssertionError: The following asserts failed:
                        null
                        at org.testng.asserts.SoftAssert.assertAll(SoftAssert.java:43)
                        at generic.Base_Page.elementIsPresent(Base_Page.java:48)
                        at pom.LoginPage.verifyLoginpage(LoginPage.java:235)
                        at scripts.ValidLoginLogout.LoginTest(ValidLoginLogout.java:32)
                        at sun.reflect.NativeMethodAccessorImpl.invoke0(Native Method)
                        at sun.reflect.NativeMethodAccessorImpl.invoke(Unknown Source)
                        at sun.reflect.DelegatingMethodAccessorImpl.invoke(Unknown Source)
                        at java.lang.reflect.Method.invoke(Unknown Source)
                        at org.testng.internal.MethodInvocationHelper.invokeMethod(MethodInvocationHelper.java:124)
                        at org.testng.internal.Invoker.invokeMethod(Invoker.java:580)
                        at org.testng.internal.Invoker.invokeTestMethod(Invoker.java:716)
                        at org.testng.internal.Invoker.invokeTestMethods(Invoker.java:988)
                        at org.testng.internal.TestMethodWorker.invokeTestMethods(TestMethodWorker.java:125)
                        at org.testng.internal.TestMethodWorker.run(TestMethodWorker.java:109)
                        at org.testng.TestRunner.privateRun(TestRunner.java:648)
                        at org.testng.TestRunner.run(TestRunner.java:505)
                        at org.testng.SuiteRunner.runTest(SuiteRunner.java:455)
                        at org.testng.SuiteRunner.runSequentially(SuiteRunner.java:450)
                        at org.testng.SuiteRunner.privateRun(SuiteRunner.java:415)
                        at org.testng.SuiteRunner.run(SuiteRunner.java:364)
                        at org.testng.SuiteRunnerWorker.runSuite(SuiteRunnerWorker.java:52)
                        at org.testng.SuiteRunnerWorker.run(SuiteRunnerWorker.java:84)
                        at org.testng.TestNG.runSuitesSequentially(TestNG.java:1208)
                        at org.testng.TestNG.runSuitesLocally(TestNG.java:1137)
                        at org.testng.TestNG.runSuites(TestNG.java:1049)
                        at org.testng.TestNG.run(TestNG.java:1017)
                        at org.testng.remote.AbstractRemoteTestNG.run(AbstractRemoteTestNG.java:114)
                        at org.testng.remote.RemoteTestNG.initAndRun(RemoteTestNG.java:251)
                        at org.testng.remote.RemoteTestNG.main(RemoteTestNG.java:77)
                     </pre>
                  </div>
               </td>
            </tr>
            <tr id="scripts.ValidLoginLogout_closeApp_byClass_PASS3_row"
                class="testMethodStatusPASS testMethodStatusCONF">
               <td width="100%" class="firstMethodCell">
                  <a onclick="toggleDetailsVisibility('scripts.ValidLoginLogout_closeApp_byClass_PASS3_details')">closeApp()</a>
               </td>
               <td nowrap="true">15:52:51</td>
               <td nowrap="true" align="right">368 ms
                  
               </td>
               <td nowrap="true">
                   
                  
               </td>
            </tr>
            <tr>
               <td colspan="4" class="detailsBox">
                  <div id="scripts.ValidLoginLogout_closeApp_byClass_PASS3_details"
                       class="testMethodDetails">
                     <div>
                        <b>Name: </b>closeApp
                     </div>
                     <div>
                        <b>Signature: </b>closeApp()[pri:0, instance:scripts.ValidLoginLogout@73ad2d6]
                     </div>
                     <div>
                        <b>Start time: </b>15:52:51
                     </div>
                     <div>
                        <b>End time: </b>15:52:51
                     </div>
                     <div>
                        <b>Duration: </b>368 ms
                        
                     </div>
                  </div>
               </td>
            </tr>
            <tr></tr>
         </table>
         <br></br>
      </div>
      <div style="margin-top: 15px; color: gray; text-align: center; font-size: 9px;">
         Generated with
         
         <a href="http://code.google.com/p/testng-xslt/" style="color: #8888aa;"
            target="_blank">
            TestNG XSLT
            
         </a>
      </div>
   </body>
</html>