<!DOCTYPE html PUBLIC "-//W3C//DTD XHTML 1.1//EN" "http://www.w3.org/TR/xhtml11/DTD/xhtml11.dtd">
<html xmlns="http://www.w3.org/1999/xhtml">
<head>
<meta http-equiv="content-type" content="text/html; charset=UTF-8"/>
<title>TestNG Report</title>
<style type="text/css">table {margin-bottom:10px;border-collapse:collapse;empty-cells:show}th,td {border:1px solid #009;padding:.25em .5em}th {vertical-align:bottom}td {vertical-align:top}table a {font-weight:bold}.stripe td {background-color: #E6EBF9}.num {text-align:right}.passedodd td {background-color: #3F3}.passedeven td {background-color: #0A0}.skippedodd td {background-color: #DDD}.skippedeven td {background-color: #CCC}.failedodd td,.attn {background-color: #F33}.failedeven td,.stripe .attn {background-color: #D00}.stacktrace {white-space:pre;font-family:monospace}.totop {font-size:85%;text-align:center;border-bottom:2px solid #000}.invisible {display:none}</style>
</head>
<body>
<table>
<tr><th>Test</th><th># Passed</th><th># Skipped</th><th># Failed</th><th>Time (ms)</th><th>Included Groups</th><th>Excluded Groups</th></tr>
<tr><th colspan="7">Suite</th></tr>
<tr><td><a href="#t0">Test</a></td><td class="num">2</td><td class="num">0</td><td class="num attn">3</td><td class="num">247,572</td><td></td><td></td></tr>
</table>
<table id='summary'><thead><tr><th>Class</th><th>Method</th><th>Start</th><th>Time (ms)</th></tr></thead><tbody><tr><th colspan="4">Suite</th></tr></tbody><tbody id="t0"><tr><th colspan="4">Test &#8212; failed</th></tr><tr class="failedeven"><td rowspan="1">scripts.InvalidEmailPopUpmessage</td><td><a href="#m0">InvalidEmailPopUptest</a></td><td rowspan="1">1518280645258</td><td rowspan="1">328</td></tr><tr class="failedodd"><td rowspan="1">scripts.SignUPpopup</td><td><a href="#m1">SignUp</a></td><td rowspan="1">1518280869188</td><td rowspan="1">3256</td></tr><tr class="failedeven"><td rowspan="1">scripts.ValidLoginLogout</td><td><a href="#m2">LoginTest</a></td><td rowspan="1">1518280673430</td><td rowspan="1">47705</td></tr><tr><th colspan="4">Test &#8212; passed</th></tr><tr class="passedeven"><td rowspan="1">scripts.AlreadyRegisteredUserPop</td><td><a href="#m3">SignUp</a></td><td rowspan="1">1518280746477</td><td rowspan="1">3289</td></tr><tr class="passedodd"><td rowspan="1">scripts.ForgotPasswordTest</td><td><a href="#m4">ForgotPassword</a></td><td rowspan="1">1518280807191</td><td rowspan="1">3450</td></tr></tbody>
</table>
<h2>Test</h2><h3 id="m0">scripts.InvalidEmailPopUpmessage#InvalidEmailPopUptest</h3><table class="result"><tr><th>Messages</th></tr><tr><td><div class="messages">The Title of the Page is matching<br/>The Element is present</div></td></tr><tr><th>Exception</th></tr><tr><td><div class="stacktrace">org.openqa.selenium.InvalidElementStateException: invalid element state: Element is not currently interactable and may not be manipulated
  (Session info: chrome=64.0.3282.119)
  (Driver info: chromedriver=2.33.506120 (e3e53437346286c0bc2d2dc9aa4915ba81d9023f),platform=Windows NT 10.0.16299 x86_64) (WARNING: The server did not provide any stacktrace information)
Command duration or timeout: 0 milliseconds
Build info: version: &apos;3.9.1&apos;, revision: &apos;63f7b50&apos;, time: &apos;2018-02-07T22:25:02.294Z&apos;
System info: host: &apos;DESKTOP-L3RI81U&apos;, ip: &apos;192.168.0.102&apos;, os.name: &apos;Windows 10&apos;, os.arch: &apos;amd64&apos;, os.version: &apos;10.0&apos;, java.version: &apos;1.8.0_161&apos;
Driver info: org.openqa.selenium.chrome.ChromeDriver
Capabilities {acceptSslCerts: true, applicationCacheEnabled: false, browserConnectionEnabled: false, browserName: chrome, chrome: {chromedriverVersion: 2.33.506120 (e3e53437346286..., userDataDir: C:\Users\OPTIME~1\AppData\L...}, cssSelectorsEnabled: true, databaseEnabled: false, handlesAlerts: true, hasTouchScreen: false, javascriptEnabled: true, locationContextEnabled: true, mobileEmulationEnabled: false, nativeEvents: true, networkConnectionEnabled: false, pageLoadStrategy: normal, platform: XP, platformName: XP, rotatable: false, setWindowRect: true, takesHeapSnapshot: true, takesScreenshot: true, unexpectedAlertBehaviour: , unhandledPromptBehavior: , version: 64.0.3282.119, webStorageEnabled: true}
Session ID: 5a9590c3ae2bf38d36bb7d504f78a507
	at org.openqa.selenium.remote.ErrorHandler.createThrowable(ErrorHandler.java:214)
	at org.openqa.selenium.remote.ErrorHandler.throwIfResponseFailed(ErrorHandler.java:166)
	at org.openqa.selenium.remote.http.JsonHttpResponseCodec.reconstructValue(JsonHttpResponseCodec.java:40)
	at org.openqa.selenium.remote.http.AbstractHttpResponseCodec.decode(AbstractHttpResponseCodec.java:80)
	at org.openqa.selenium.remote.http.AbstractHttpResponseCodec.decode(AbstractHttpResponseCodec.java:44)
	at org.openqa.selenium.remote.HttpCommandExecutor.execute(HttpCommandExecutor.java:160)
	at org.openqa.selenium.remote.service.DriverCommandExecutor.execute(DriverCommandExecutor.java:83)
	at org.openqa.selenium.remote.RemoteWebDriver.execute(RemoteWebDriver.java:601)
	at org.openqa.selenium.remote.RemoteWebElement.execute(RemoteWebElement.java:279)
	at org.openqa.selenium.remote.RemoteWebElement.clear(RemoteWebElement.java:118)
	at org.openqa.selenium.support.pagefactory.internal.LocatingElementHandler.invoke(LocatingElementHandler.java:51)
	at com.sun.proxy.$Proxy9.clear(Unknown Source)
	at pom.LoginPage.enterEmail(LoginPage.java:169)
	at scripts.InvalidEmailPopUpmessage.InvalidEmailPopUptest(InvalidEmailPopUpmessage.java:26)
... Removed 33 stack frames</div></td></tr></table><p class="totop"><a href="#summary">back to summary</a></p>
<h3 id="m1">scripts.SignUPpopup#SignUp</h3><table class="result"><tr><th>Messages</th></tr><tr><td><div class="messages">The Title of the Page is matching<br/>The Element is present<br/>The Element is present<br/>Inavild mail or password pop up not generated</div></td></tr><tr><th>Exception</th></tr><tr><td><div class="stacktrace">java.lang.AssertionError: The following asserts failed:
	null
	at generic.Base_Page.popmesg(Base_Page.java:69)
	at scripts.SignUPpopup.SignUp(SignUPpopup.java:28)
... Removed 26 stack frames</div></td></tr></table><p class="totop"><a href="#summary">back to summary</a></p>
<h3 id="m2">scripts.ValidLoginLogout#LoginTest</h3><table class="result"><tr><th>Messages</th></tr><tr><td><div class="messages">The Title of the Page is matching<br/>The Element is present<br/>The Element is present<br/>The Element is not present</div></td></tr><tr><th>Exception</th></tr><tr><td><div class="stacktrace">java.lang.AssertionError: The following asserts failed:
	null
	at generic.Base_Page.elementIsPresent(Base_Page.java:48)
	at pom.LoginPage.verifyLoginpage(LoginPage.java:235)
	at scripts.ValidLoginLogout.LoginTest(ValidLoginLogout.java:32)
... Removed 26 stack frames</div></td></tr></table><p class="totop"><a href="#summary">back to summary</a></p>
<h3 id="m3">scripts.AlreadyRegisteredUserPop#SignUp</h3><table class="result"><tr><th>Messages</th></tr><tr><td><div class="messages">The Title of the Page is matching<br/>The Element is present<br/>The Element is present<br/>Displayed Valid Email and Invalid pop up</div></td></tr></table><p class="totop"><a href="#summary">back to summary</a></p>
<h3 id="m4">scripts.ForgotPasswordTest#ForgotPassword</h3><table class="result"><tr><th>Messages</th></tr><tr><td><div class="messages">The Element is present<br/>The Element is present<br/>The Element is present</div></td></tr></table><p class="totop"><a href="#summary">back to summary</a></p>
</body>
</html>
